<?xml version="1.0" encoding="UTF-8"?>
<testng-results ignored="0" total="0" passed="0" failed="0" skipped="0">
  <reporter-output>
  </reporter-output>
  <suite started-at="2021-10-21T21:31:28 COT" name="main.MainTest" finished-at="2021-10-21T21:31:28 COT" duration-ms="8">
    <groups>
    </groups>
    <test started-at="2021-10-21T21:31:28 COT" name="Command line test" finished-at="2021-10-21T21:31:28 COT" duration-ms="8">
    </test> <!-- Command line test -->
  </suite> <!-- main.MainTest -->
</testng-results>
